----------------------------------------------------------------------------------------------------------------------
AL Epoch: 1/2	Labelled Data: 50/100	Elapsed Time:  00:00:00
Begin Train Epoch: 1/1	Elapsed Time:  00:00:00
Finish Train Epoch: 1/1	Elapsed Time:  00:00:00
AL Epoch:1/1	Test F1 Score: 0.1938552639357899	Test Loss: 2.47046160697937	Elapsed Time:  00:00:01
----------------------------------------------------------------------------------------------------------------------
AL Epoch: 2/2	Labelled Data: 100/100	Elapsed Time:  00:00:01
Begin Train Epoch: 1/1	Elapsed Time:  00:00:01
Finish Train Epoch: 1/1	Elapsed Time:  00:00:03
AL Epoch:2/2	Test F1 Score: 0.19410774830964828	Test Loss: 1.5329679250717163	Elapsed Time:  00:00:03
conll2003_random_sampler_DEBUG experiment
----------------------------------------------------------------------------------------------------------------------
AL Epoch: 1/2	Labelled Data: 50/100	Elapsed Time:  00:00:00
Begin Train Epoch: 1/1	Elapsed Time:  00:00:00
Finish Train Epoch: 1/1	Elapsed Time:  00:00:00
AL Epoch:1/1	Test F1 Score: 0.19387573714928946	Test Loss: 2.616694688796997	Elapsed Time:  00:00:01
----------------------------------------------------------------------------------------------------------------------
AL Epoch: 2/2	Labelled Data: 100/100	Elapsed Time:  00:00:01
Begin Train Epoch: 1/1	Elapsed Time:  00:00:01
Finish Train Epoch: 1/1	Elapsed Time:  00:00:03
AL Epoch:2/2	Test F1 Score: 0.2062494057508557	Test Loss: 1.6012831926345825	Elapsed Time:  00:00:03
conll2003_random_sampler_DEBUG experiment
----------------------------------------------------------------------------------------------------------------------
conll2003_random_sampler_DEBUG experiment
----------------------------------------------------------------------------------------------------------------------
AL Epoch: 1/2	Labelled Data: 50/100	Elapsed Time:  00:00:00
conll2003_random_sampler_DEBUG experiment
----------------------------------------------------------------------------------------------------------------------
AL Epoch: 1/2	Labelled Data: 50/100	Elapsed Time:  00:00:00
Begin Train Epoch: 1/1	Elapsed Time:  00:00:00
Finish Train Epoch: 1/1	Elapsed Time:  00:00:00
AL Epoch:1/1	Test F1 Score: 0.19414868203144217	Test Loss: 2.2287354469299316	Elapsed Time:  00:00:01
----------------------------------------------------------------------------------------------------------------------
AL Epoch: 2/2	Labelled Data: 100/100	Elapsed Time:  00:00:01
Begin Train Epoch: 1/1	Elapsed Time:  00:00:01
Finish Train Epoch: 1/1	Elapsed Time:  00:00:03
AL Epoch:2/2	Test F1 Score: 0.1940683035400141	Test Loss: 1.5790613889694214	Elapsed Time:  00:00:03
conll2003_random_sampler_DEBUG experiment
----------------------------------------------------------------------------------------------------------------------
AL Epoch: 1/2	Labelled Data: 50/100	Elapsed Time:  00:00:00
Train Epoch: 1/1	Elapsed Time:  00:00:00
AL Epoch:1/1	Test F1 Score: 0.19414881830403352	Test Loss: 1.9623630046844482	Elapsed Time:  00:00:01
----------------------------------------------------------------------------------------------------------------------
AL Epoch: 2/2	Labelled Data: 100/100	Elapsed Time:  00:00:01
Train Epoch: 1/1	Elapsed Time:  00:00:01
Exiting from training early!
conll2003_random_sampler_DEBUG experiment
----------------------------------------------------------------------------------------------------------------------
AL Epoch: 1/2	Labelled Data: 50/100	Elapsed Time:  00:00:00
Train Epoch: 1/1	Elapsed Time:  00:00:00
AL Epoch:1/1	Test F1 Score: 0.19417421117626024	Test Loss: 2.1900064945220947	Elapsed Time:  00:00:01
----------------------------------------------------------------------------------------------------------------------
AL Epoch: 2/2	Labelled Data: 100/100	Elapsed Time:  00:00:01
Train Epoch: 1/1	Elapsed Time:  00:00:01
Exiting from training early!
